"D:/University/BSc2b/CollaborationProject/Content/Assets/Audio/Music/Hub_Bg.uasset" 0
"D:/University/BSc2b/CollaborationProject/Content/Assets/Audio/Music/HubBackground.uasset" 1
"D:/University/BSc2b/CollaborationProject/Content/Assets/Audio/Music/Beach_Bg.uasset" 2
"D:/University/BSc2b/CollaborationProject/Content/Assets/Audio/Music/LevelBackground.uasset" 3
"D:/University/BSc2b/CollaborationProject/Content/Assets/Audio/MusicSoundClass.uasset" 4
"D:/University/BSc2b/CollaborationProject/Content/Assets/Audio/Music/Beach_Bg_Cue.uasset" 5
"D:/University/BSc2b/CollaborationProject/Content/Assets/Audio/Music/LevelBackground_Cue.uasset" 6
"D:/University/BSc2b/CollaborationProject/Content/Assets/Audio/SoundFX/CrashStun.uasset" 7
"D:/University/BSc2b/CollaborationProject/Content/Assets/Audio/SoundFX/CrashStunEffect.uasset" 8
"D:/University/BSc2b/CollaborationProject/Content/Assets/Audio/SoundFX/Environment/GeneralEnvironment.uasset" 9
"D:/University/BSc2b/CollaborationProject/Content/Assets/Audio/SoundFX/GeneralEnvironment.uasset" 10
"D:/University/BSc2b/CollaborationProject/Content/Assets/Audio/SoundFX/PopSoundEffect.uasset" 11
"D:/University/BSc2b/CollaborationProject/Content/Assets/Audio/SoundFX/Environment/raccoon1.uasset" 12
"D:/University/BSc2b/CollaborationProject/Content/Assets/Audio/SoundFX/raccoon1.uasset" 13
"D:/University/BSc2b/CollaborationProject/Content/Assets/Audio/SoundFX/Environment/raccoon2.uasset" 14
"D:/University/BSc2b/CollaborationProject/Content/Assets/Audio/SoundFX/raccoon2.uasset" 15
"D:/University/BSc2b/CollaborationProject/Content/Assets/Audio/SoundFX/SpawnEffectIdea.uasset" 16
"D:/University/BSc2b/CollaborationProject/Content/Assets/Audio/SoundFX/ThrowEffect.uasset" 17
"D:/University/BSc2b/CollaborationProject/Content/Assets/Audio/SoundFX/TimerEffect1.uasset" 18
"D:/University/BSc2b/CollaborationProject/Content/Assets/Audio/SoundFX/timerstartorend.uasset" 19
"D:/University/BSc2b/CollaborationProject/Content/Assets/Audio/SoundFX/Environment/Seagulls1.uasset" 20
"D:/University/BSc2b/CollaborationProject/Content/Assets/Audio/SoundFX/Environment/Seagulls2.uasset" 21
"D:/University/BSc2b/CollaborationProject/Content/Assets/Audio/SoundFX/Environment/Seagulls3.uasset" 22
"D:/University/BSc2b/CollaborationProject/Content/Assets/Audio/SoundFX/Environment/Seagulls4.uasset" 23
"D:/University/BSc2b/CollaborationProject/Content/Assets/Audio/SoundFX/Footsteps/Footsteps1.uasset" 24
"D:/University/BSc2b/CollaborationProject/Content/Assets/Audio/SoundFX/Footsteps/Footsteps2.uasset" 25
"D:/University/BSc2b/CollaborationProject/Content/Assets/Audio/SoundFX/Footsteps/Footsteps5.uasset" 26
"D:/University/BSc2b/CollaborationProject/Content/Assets/Audio/SoundFX/Footsteps/Footsteps6.uasset" 27
"D:/University/BSc2b/CollaborationProject/Content/Assets/Audio/SoundFX/Footsteps/FootstepsIdeas.uasset" 28
"D:/University/BSc2b/CollaborationProject/Content/Assets/Audio/SoundFX/Footsteps/Footsteps_Cue.uasset" 29
"D:/University/BSc2b/CollaborationProject/Content/Assets/Materials/M_VertColEmis.uasset" 30
"D:/University/BSc2b/CollaborationProject/Content/Assets/Meshes/SM_RunningEffect.uasset" 31
"D:/University/BSc2b/CollaborationProject/Content/Assets/FX/PS_Smoke.uasset" 32
"D:/University/BSc2b/CollaborationProject/Content/Assets/Materials/M_PlayerCol.uasset" 33
"D:/University/BSc2b/CollaborationProject/Content/Assets/Materials/MI_Player_02.uasset" 34
"D:/University/BSc2b/CollaborationProject/Content/Assets/Materials/Test.uasset" 35
"D:/University/BSc2b/CollaborationProject/Content/Assets/Materials/M_VertCol.uasset" 36
"D:/University/BSc2b/CollaborationProject/Content/Assets/Meshes/SM_Barge_a__1_.uasset" 37
"../../../Engine/Content/Functions/Engine_MaterialFunctions01/Opacity/CameraDepthFade.uasset" 38
"../../../Engine/Content/EngineMaterials/T_Default_Material_Grid_M.uasset" 39
"../../../Engine/Content/EngineMaterials/T_Default_Material_Grid_N.uasset" 40
"../../../Engine/Content/EngineMaterials/WorldGridMaterial.uasset" 41
"D:/University/BSc2b/CollaborationProject/Content/Assets/Meshes/SM_Beach_Ground.uasset" 42
"D:/University/BSc2b/CollaborationProject/Content/Assets/Meshes/SM_bone_a.uasset" 43
"D:/University/BSc2b/CollaborationProject/Content/Assets/Meshes/SM_Bottle.uasset" 44
"D:/University/BSc2b/CollaborationProject/Content/Assets/Meshes/SM_brick_a.uasset" 45
"D:/University/BSc2b/CollaborationProject/Content/Assets/Meshes/SM_brick_wall_a.uasset" 46
"D:/University/BSc2b/CollaborationProject/Content/Assets/Meshes/SM_GroundPlane.uasset" 47
"D:/University/BSc2b/CollaborationProject/Content/Assets/Meshes/SM_trash_heap_a.uasset" 48
"D:/University/BSc2b/CollaborationProject/Content/Assets/Meshes/Test.uasset" 49
"D:/University/BSc2b/CollaborationProject/Content/Assets/Meshes/Temp/Test_GarbageRing.uasset" 50
"D:/University/BSc2b/CollaborationProject/Content/Assets/Meshes/Temp/Test_GarbageRing2.uasset" 51
"D:/University/BSc2b/CollaborationProject/Content/Assets/Textures/CircleMask.uasset" 52
"D:/University/BSc2b/CollaborationProject/Content/Assets/Textures/Test.uasset" 53
"D:/University/BSc2b/CollaborationProject/Content/Assets/Textures/Fonts/TheSkinny.uasset" 54
"D:/University/BSc2b/CollaborationProject/Content/Assets/Textures/Fonts/TheSkinny_Font.uasset" 55
"D:/University/BSc2b/CollaborationProject/Content/Assets/Audio/SoundFX/Explosion.uasset" 56
"D:/University/BSc2b/CollaborationProject/Content/BlueprintClasses/BP_Explosion.uasset" 57
"../../../Engine/Content/EditorBlueprintResources/StandardMacros.uasset" 58
"D:/University/BSc2b/CollaborationProject/Content/Assets/Materials/MI_VertCol_Spec.uasset" 59
"D:/University/BSc2b/CollaborationProject/Content/Assets/Meshes/Throwable_Trash/SM_Garbage_Bag.uasset" 60
"D:/University/BSc2b/CollaborationProject/Content/BlueprintClasses/BP_MasterTrash.uasset" 61
"D:/University/BSc2b/CollaborationProject/Content/BlueprintClasses/HubWorld/Struct_PlayerData.uasset" 62
"D:/University/BSc2b/CollaborationProject/Content/BlueprintClasses/HubWorld/BP_GameInstance.uasset" 63
"D:/University/BSc2b/CollaborationProject/Content/Assets/Materials/MI_Player_01.uasset" 64
"D:/University/BSc2b/CollaborationProject/Content/BlueprintClasses/Widgets/WBP_PowerBar.uasset" 65
"D:/University/BSc2b/CollaborationProject/Content/Assets/Audio/SoundFX/MaxPowerStun.uasset" 66
"D:/University/BSc2b/CollaborationProject/Content/Assets/Audio/SoundFX/WindUp.uasset" 67
"D:/University/BSc2b/CollaborationProject/Content/Assets/FX/PS_Running.uasset" 68
"D:/University/BSc2b/CollaborationProject/Content/Assets/Meshes/Temp/lambert1.uasset" 69
"D:/University/BSc2b/CollaborationProject/Content/Assets/Meshes/Temp/v3_raccoon_combine.uasset" 70
"D:/University/BSc2b/CollaborationProject/Content/BlueprintClasses/BP_Character.uasset" 71
"../../../Engine/Content/BasicShapes/BasicShapeMaterial.uasset" 72
"../../../Engine/Content/BasicShapes/Plane.uasset" 73
"D:/University/BSc2b/CollaborationProject/Content/Assets/Textures/Fonts/simplicity.uasset" 74
"D:/University/BSc2b/CollaborationProject/Content/Assets/Textures/Fonts/simplicity_Font.uasset" 75
"D:/University/BSc2b/CollaborationProject/Content/BlueprintClasses/Widgets/WBP_PointCount.uasset" 76
"D:/University/BSc2b/CollaborationProject/Content/BlueprintClasses/BP_PointArea.uasset" 77
"D:/University/BSc2b/CollaborationProject/Content/BlueprintClasses/BP_WorldCamera.uasset" 78
"D:/University/BSc2b/CollaborationProject/Content/BlueprintClasses/BP_TrashStruct.uasset" 79
"D:/University/BSc2b/CollaborationProject/Content/Assets/Materials/MI_Ocean.uasset" 80
"D:/University/BSc2b/CollaborationProject/Content/Assets/Materials/M_Barrel.uasset" 81
"D:/University/BSc2b/CollaborationProject/Content/Assets/Materials/M_Barrel_Explosive.uasset" 82
"D:/University/BSc2b/CollaborationProject/Content/Assets/Meshes/SM_barrel_a.uasset" 83
"D:/University/BSc2b/CollaborationProject/Content/BlueprintClasses/BP_Trash_AreaBuff.uasset" 84
"D:/University/BSc2b/CollaborationProject/Content/Assets/Materials/M_Barrel_Radioactive.uasset" 85
"D:/University/BSc2b/CollaborationProject/Content/BlueprintClasses/BP_Trash_AreaDebuff.uasset" 86
"../../../Engine/Content/Functions/Engine_MaterialFunctions01/WorldPositionOffset/SimpleGrassWind.uasset" 87
"D:/University/BSc2b/CollaborationProject/Content/Assets/Materials/M_Wiggle.uasset" 88
"D:/University/BSc2b/CollaborationProject/Content/BlueprintClasses/BP_Trash_Collectors.uasset" 89
"D:/University/BSc2b/CollaborationProject/Content/Assets/FX/PS_Explode.uasset" 90
"D:/University/BSc2b/CollaborationProject/Content/BlueprintClasses/BP_Trash_Explode.uasset" 91
"D:/University/BSc2b/CollaborationProject/Content/Assets/Meshes/SM_fish_a.uasset" 92
"D:/University/BSc2b/CollaborationProject/Content/BlueprintClasses/BP_Trash_Sticky.uasset" 93
"D:/University/BSc2b/CollaborationProject/Content/Assets/Meshes/SM_barrel_a2.uasset" 94
"D:/University/BSc2b/CollaborationProject/Content/Assets/Meshes/SM_barrel_a3.uasset" 95
"D:/University/BSc2b/CollaborationProject/Content/Assets/Materials/M_Metal.uasset" 96
"D:/University/BSc2b/CollaborationProject/Content/Assets/Materials/MI_Metal_Rough.uasset" 97
"D:/University/BSc2b/CollaborationProject/Content/Assets/Meshes/SM_washing_machine_a.uasset" 98
"D:/University/BSc2b/CollaborationProject/Content/Assets/Meshes/Throwable_Trash/SM_Box_001.uasset" 99
"D:/University/BSc2b/CollaborationProject/Content/Assets/Meshes/Throwable_Trash/SM_Garbage_Bag1.uasset" 100
"D:/University/BSc2b/CollaborationProject/Content/Assets/Meshes/v1_banana.uasset" 101
"D:/University/BSc2b/CollaborationProject/Content/BlueprintClasses/BP_TrashTable.uasset" 102
"D:/University/BSc2b/CollaborationProject/Content/BlueprintClasses/BP_TrashSpawner.uasset" 103
"D:/University/BSc2b/CollaborationProject/Content/Assets/Audio/SoundFX/TimerEffect2.uasset" 104
"D:/University/BSc2b/CollaborationProject/Content/BlueprintClasses/Widgets/WBP_EndScreen.uasset" 105
"D:/University/BSc2b/CollaborationProject/Content/BlueprintClasses/Widgets/WBP_Timer.uasset" 106
"D:/University/BSc2b/CollaborationProject/Content/Assets/Textures/Fonts/TheSkinny-bold.uasset" 107
"D:/University/BSc2b/CollaborationProject/Content/Assets/Textures/Fonts/TheSkinny-bold_Font.uasset" 108
"D:/University/BSc2b/CollaborationProject/Content/BlueprintClasses/Widgets/WBP_TitleScreen.uasset" 109
"D:/University/BSc2b/CollaborationProject/Content/BlueprintClasses/BP_GM.uasset" 110
"D:/University/BSc2b/CollaborationProject/Content/BlueprintClasses/BP_GM_C.uasset" 111
"../../../Engine/Content/BasicShapes/Cube.uasset" 112
"D:/University/BSc2b/CollaborationProject/Content/Assets/Materials/PM_Bouncy.uasset" 113
"D:/University/BSc2b/CollaborationProject/Content/BlueprintClasses/BP_ObjTest.uasset" 114
"D:/University/BSc2b/CollaborationProject/Content/BlueprintClasses/BP_Player01_Control.uasset" 115
"D:/University/BSc2b/CollaborationProject/Content/BlueprintClasses/BP_Player02_Control.uasset" 116
"D:/University/BSc2b/CollaborationProject/Content/BlueprintClasses/HubWorld/BP_LevelGate.uasset" 117
"D:/University/BSc2b/CollaborationProject/Content/BlueprintClasses/HubWorld/BP_PlayerSelect.uasset" 118
"D:/University/BSc2b/CollaborationProject/Content/BlueprintClasses/BP_PlayerSelect.uasset" 119
"D:/University/BSc2b/CollaborationProject/Content/Assets/Meshes/SK_Shark_PhysicsAsset.uasset" 120
"D:/University/BSc2b/CollaborationProject/Content/Assets/Meshes/SK_Shark_Skeleton.uasset" 121
"D:/University/BSc2b/CollaborationProject/Content/Assets/Meshes/SK_Shark.uasset" 122
"D:/University/BSc2b/CollaborationProject/Content/BlueprintClasses/BP_Shark.uasset" 123
"D:/University/BSc2b/CollaborationProject/Content/BlueprintClasses/BP_SharkSpawner.uasset" 124
"D:/University/BSc2b/CollaborationProject/Content/BlueprintClasses/SpawnManager.uasset" 125
"D:/University/BSc2b/CollaborationProject/Content/BlueprintClasses/BP_SpawnManager.uasset" 126
"D:/University/BSc2b/CollaborationProject/Content/BlueprintClasses/BP_TestTrash.uasset" 127
"D:/University/BSc2b/CollaborationProject/Content/BlueprintClasses/Test.uasset" 128
"../../../Engine/Content/Animation/DefaultAnimCurveCompressionSettings.uasset" 129
"../../../Engine/Content/ArtTools/RenderToTexture/Meshes/S_1_Unit_Plane.uasset" 130
"../../../Engine/Content/EngineMaterials/DefaultMaterial.uasset" 131
"../../../Engine/Content/BasicShapes/Cone.uasset" 132
"../../../Engine/Content/EditorLandscapeResources/DataLayer.uasset" 133
"../../../Engine/Content/EditorMaterials/GizmoMaterial.uasset" 134
"../../../Engine/Content/EditorMaterials/MAT_Groups_Toggle.uasset" 135
"../../../Engine/Content/EditorMaterials/MAT_Groups_Visibility.uasset" 136
"../../../Engine/Content/EditorMaterials/PreviewShadowIndicator.uasset" 137
"../../../Engine/Content/EditorMaterials/PreviewShadowIndicatorMaterial.uasset" 138
"../../../Engine/Content/EditorMaterials/MatineeGroups/MAT_ColorTrack.uasset" 139
"../../../Engine/Content/EditorMaterials/MatineeGroups/MAT_Groups_Anim.uasset" 140
"../../../Engine/Content/EditorMaterials/MatineeGroups/MAT_Groups_AudioMaster.uasset" 141
"../../../Engine/Content/EditorMaterials/MatineeGroups/MAT_Groups_Director.uasset" 142
"../../../Engine/Content/EditorMaterials/MatineeGroups/MAT_Groups_Event.uasset" 143
"../../../Engine/Content/EditorMaterials/MatineeGroups/MAT_Groups_Fade.uasset" 144
"../../../Engine/Content/EditorMaterials/MatineeGroups/MAT_Groups_Float.uasset" 145
"../../../Engine/Content/EditorMaterials/MatineeGroups/MAT_Groups_Move.uasset" 146
"../../../Engine/Content/EditorMaterials/MatineeGroups/MAT_Groups_Slomo.uasset" 147
"../../../Engine/Content/EditorMaterials/MatineeGroups/MAT_Groups_Sound.uasset" 148
"../../../Engine/Content/EditorMaterials/MatineeGroups/MAT_Groups_Vector.uasset" 149
"../../../Engine/Content/EditorMaterials/ParticleSystems/PSysThumbnail_NoImage.uasset" 150
"../../../Engine/Content/EditorMaterials/ParticleSystems/PSysThumbnail_OOD.uasset" 151
"../../../Engine/Content/EditorMaterials/Camera/CineMat.uasset" 152
"../../../Engine/Content/EditorMaterials/Camera/MI_CineMat_Rig.uasset" 153
"../../../Engine/Content/EditorMeshes/Camera/SM_CraneRig_Arm.uasset" 154
"../../../Engine/Content/EditorMeshes/Camera/SM_CraneRig_Base.uasset" 155
"../../../Engine/Content/EditorMeshes/Camera/SM_CraneRig_Body.uasset" 156
"../../../Engine/Content/EditorMeshes/Camera/SM_CraneRig_Mount.uasset" 157
"../../../Engine/Content/EditorMeshes/Camera/SM_RailRig_Mount.uasset" 158
"../../../Engine/Content/EditorMeshes/Camera/SM_RailRig_Track.uasset" 159
"../../../Engine/Content/EditorResources/BSPVertex.uasset" 160
"../../../Engine/Content/EditorResources/EmptyActor.uasset" 161
"../../../Engine/Content/EditorResources/S_Actor.uasset" 162
"../../../Engine/Content/EditorResources/S_Note.uasset" 163
"../../../Engine/Content/EditorResources/S_Solver.uasset" 164
"../../../Engine/Content/EditorResources/S_Trigger.uasset" 165
"../../../Engine/Content/EditorResources/AudioIcons/S_AudioComponent.uasset" 166
"../../../Engine/Content/EditorResources/AudioIcons/S_AudioComponent_AutoActivate.uasset" 167
"../../../Engine/Content/EditorResources/LightIcons/S_LightError.uasset" 168
"../../../Engine/Content/EditorResources/SequenceRecorder/Countdown.uasset" 169
"../../../Engine/Content/EditorResources/SequenceRecorder/RecordingIndicator.uasset" 170
"../../../Engine/Content/EditorSounds/Notifications/CompileFailed.uasset" 171
"../../../Engine/Content/EditorSounds/Notifications/CompileFailed_Cue.uasset" 172
"../../../Engine/Content/EditorSounds/Notifications/CompileSuccess.uasset" 173
"../../../Engine/Content/EditorSounds/Notifications/CompileStart_Cue.uasset" 174
"../../../Engine/Content/EditorSounds/Notifications/CompileSuccess_Cue.uasset" 175
"../../../Engine/Content/EngineDamageTypes/DmgTypeBP_Environmental.uasset" 176
"../../../Engine/Content/EngineDebugMaterials/HeatmapGradient.uasset" 177
"../../../Engine/Content/EngineDebugMaterials/BoneWeightMaterial.uasset" 178
"../../../Engine/Content/EngineDebugMaterials/ClothMaterial.uasset" 179
"../../../Engine/Content/EngineDebugMaterials/ClothMaterial_WF.uasset" 180
"../../../Engine/Content/EngineDebugMaterials/DebugEditorMaterial.uasset" 181
"../../../Engine/Content/EngineDebugMaterials/DebugMeshMaterial.uasset" 182
"../../../Engine/Content/EngineDebugMaterials/GeomMaterial.uasset" 183
"../../../Engine/Content/EngineDebugMaterials/M_SimpleTranslucent.uasset" 184
"../../../Engine/Content/Functions/Engine_MaterialFunctions02/Utility/CameraDirectionVector.uasset" 185
"../../../Engine/Content/EngineDebugMaterials/VolumeToRender.uasset" 186
"../../../Engine/Content/EngineDebugMaterials/M_VolumeRenderSphereTracePP.uasset" 187
"../../../Engine/Content/EngineDebugMaterials/WireframeMaterial.uasset" 188
"../../../Engine/Content/EngineFonts/Faces/RobotoBold.uasset" 189
"../../../Engine/Content/EngineFonts/Faces/RobotoBoldItalic.uasset" 190
"../../../Engine/Content/EngineFonts/Faces/RobotoItalic.uasset" 191
"../../../Engine/Content/EngineFonts/Faces/RobotoLight.uasset" 192
"../../../Engine/Content/EngineFonts/Faces/RobotoRegular.uasset" 193
"../../../Engine/Content/EngineFonts/Roboto.uasset" 194
"../../../Engine/Content/EngineFonts/Faces/RobotoTiny.uasset" 195
"../../../Engine/Content/EngineFonts/RobotoTiny.uasset" 196
"../../../Engine/Content/EngineMaterials/BaseFlattenDiffuseMap.uasset" 197
"../../../Engine/Content/EngineMaterials/BaseFlattenEmissiveMap.uasset" 198
"../../../Engine/Content/EngineMaterials/BaseFlattenGrayscaleMap.uasset" 199
"../../../Engine/Content/EngineMaterials/BaseFlattenNormalMap.uasset" 200
"../../../Engine/Content/EngineMaterials/BaseFlattenMaterial.uasset" 201
"../../../Engine/Content/EngineMaterials/BlueNoise.uasset" 202
"../../../Engine/Content/EngineMaterials/DefaultBloomKernel.uasset" 203
"../../../Engine/Content/EngineMaterials/DefaultBokeh.uasset" 204
"../../../Engine/Content/EngineMaterials/DefaultDiffuse.uasset" 205
"../../../Engine/Content/EngineMaterials/DefaultDeferredDecalMaterial.uasset" 206
"../../../Engine/Content/EngineMaterials/DefaultLightFunctionMaterial.uasset" 207
"../../../Engine/Content/Functions/Engine_MaterialFunctions02/Utility/BreakOutFloat2Components.uasset" 208
"../../../Engine/Content/EngineMaterials/DefaultPostProcessMaterial.uasset" 209
"../../../Engine/Content/EngineFonts/RobotoDistanceField.uasset" 210
"../../../Engine/Content/EngineMaterials/DefaultTextMaterialOpaque.uasset" 211
"../../../Engine/Content/EngineMaterials/DefaultVirtualTextureMaterial.uasset" 212
"../../../Engine/Content/EngineMaterials/DefaultWhiteGrid.uasset" 213
"../../../Engine/Content/EngineMaterials/EditorBrushMaterial.uasset" 214
"../../../Engine/Content/EngineMaterials/DefaultWhiteGrid_Low.uasset" 215
"../../../Engine/Content/EngineMaterials/EmissiveMeshMaterial.uasset" 216
"../../../Engine/Content/EngineMaterials/Good64x64TilingNoiseHighFreq.uasset" 217
"../../../Engine/Content/EngineMaterials/MiniFont.uasset" 218
"../../../Engine/Content/EngineMaterials/InvalidLightmapSettings.uasset" 219
"../../../Engine/Content/EngineMaterials/M_InvalidLightmapSettings.uasset" 220
"../../../Engine/Content/Functions/Engine_MaterialFunctions02/WorldPositionOffset/CameraOffset.uasset" 221
"../../../Engine/Content/EngineMaterials/PhAT_JointLimitMaterial.uasset" 222
"../../../Engine/Content/EngineMaterials/PreintegratedSkinBRDF.uasset" 223
"../../../Engine/Content/EngineMaterials/RemoveSurfaceMaterial.uasset" 224
"../../../Engine/Content/EngineMaterials/WeightMapPlaceholderTexture.uasset" 225
"../../../Engine/Content/EngineResources/WhiteSquareTexture.uasset" 226
"../../../Engine/Content/EngineMaterials/Widget3DPassThrough.uasset" 227
"../../../Engine/Content/EngineMaterials/Widget3DPassThrough_Masked.uasset" 228
"../../../Engine/Content/EngineMaterials/Widget3DPassThrough_Opaque.uasset" 229
"../../../Engine/Content/EngineMaterials/Widget3DPassThrough_Masked_OneSided.uasset" 230
"../../../Engine/Content/EngineMaterials/Widget3DPassThrough_Opaque_OneSided.uasset" 231
"../../../Engine/Content/EngineMaterials/Widget3DPassThrough_Translucent.uasset" 232
"../../../Engine/Content/EngineMaterials/Widget3DPassThrough_Translucent_OneSided.uasset" 233
"../../../Engine/Content/EngineMeshes/Cylinder.uasset" 234
"../../../Engine/Content/EngineMeshes/Sphere.uasset" 235
"../../../Engine/Content/EngineResources/Black.uasset" 236
"../../../Engine/Content/EngineResources/DefaultTexture.uasset" 237
"../../../Engine/Content/EngineResources/DefaultTextureCube.uasset" 238
"../../../Engine/Content/EngineResources/DefaultVolumeTexture2D.uasset" 239
"../../../Engine/Content/EngineResources/DefaultVolumeTexture.uasset" 240
"../../../Engine/Content/EngineResources/GradientTexture0.uasset" 241
"../../../Engine/Content/EngineSounds/Master.uasset" 242
"../../../Engine/Content/Functions/Engine_MaterialFunctions01/Shading/ConvertFromDiffSpec.uasset" 243
"../../../Engine/Content/Functions/Engine_MaterialFunctions01/Shading/PowerToRoughness.uasset" 244
"../../../Engine/Content/Maps/Templates/Thumbnails/Default.uasset" 245
"../../../Engine/Content/Maps/Templates/Thumbnails/VR-Basic.uasset" 246
"../../../Engine/Content/MobileResources/T_MobileControls_texture.uasset" 247
"../../../Engine/Content/MobileResources/T_MobileMenu2.uasset" 248
"../../../Engine/Content/MobileResources/HUD/AnalogHat.uasset" 249
"../../../Engine/Content/MobileResources/HUD/VirtualJoystick_Background.uasset" 250
"../../../Engine/Content/MobileResources/HUD/VirtualJoystick_Thumb.uasset" 251
"../../../Engine/Content/MobileResources/HUD/DefaultVirtualJoysticks.uasset" 252
"../../../Engine/Content/MobileResources/HUD/LeftVirtualJoystickOnly.uasset" 253
"../../../Engine/Content/MobileResources/HUD/MobileHUDButton1_off.uasset" 254
"../../../Engine/Content/MobileResources/HUD/MobileHUDButton1_on.uasset" 255
"../../../Engine/Content/MobileResources/HUD/MobileHUDButton2_off.uasset" 256
"../../../Engine/Content/MobileResources/HUD/MobileHUDButton2_on.uasset" 257
"../../../Engine/Content/MobileResources/HUD/MobileHUDButton3.uasset" 258
"../../../Engine/Content/MobileResources/HUD/MobileHUDButtonFire.uasset" 259
"../../../Engine/Content/MobileResources/HUD/MobileHUDDirectionPad.uasset" 260
"../../../Engine/Content/MobileResources/HUD/MobileHUDDirectionPad2.uasset" 261
"../../../Engine/Content/MobileResources/HUD/MobileHUDDirectionPad3.uasset" 262
"../../../Engine/Content/MobileResources/HUD/MobileHUDDirectionStick.uasset" 263
"../../../Engine/Content/MobileResources/HUD/T_Castle_ThumbstickInner.uasset" 264
"../../../Engine/Content/MobileResources/HUD/T_Castle_ThumbstickOutter.uasset" 265
"../../../Engine/Content/Tutorial/ContentIntroCurve.uasset" 266
"../../../Engine/Content/Tutorial/Basics/LevelEditorAttract.uasset" 267
"../../../Engine/Content/Tutorial/Basics/TutorialAssets/icon_tab_Levels_40x.uasset" 268
"../../../Engine/Content/Tutorial/Basics/LevelEditorOverview.uasset" 269
"../../../Engine/Content/Tutorial/BlueprintTutorials/TutorialAssets/Blueprint_64x.uasset" 270
"../../../Engine/Content/Tutorial/BlueprintTutorials/BlueprintEditorTutorial.uasset" 271
"../../../Engine/Content/Tutorial/BlueprintTutorials/LevelBlueprintEditorOverview.uasset" 272
"../../../Engine/Content/VREditor/LaserPointer/VR_LaserPower_01.uasset" 273
"../../../Engine/Content/VREditor/TransformGizmo/TransformGizmoMaterial.uasset" 274
"../../../Engine/Content/VREditor/TransformGizmo/TranslucentTransformGizmoMaterial.uasset" 275
"../../../Engine/Content/VREditor/TransformGizmo/BoundingBoxCorner.uasset" 276
"../../../Engine/Content/VREditor/TransformGizmo/BoundingBoxEdge.uasset" 277
"../../../Engine/Content/VREditor/TransformGizmo/PlaneTranslationHandle.uasset" 278
"../../../Engine/Content/VREditor/TransformGizmo/Main.uasset" 279
"../../../Engine/Content/VREditor/TransformGizmo/Xray.uasset" 280
"../../../Engine/Content/VREditor/TransformGizmo/SM_Sequencer_Key.uasset" 281
"../../../Engine/Content/VREditor/TransformGizmo/SM_Sequencer_Node.uasset" 282
"../../Plugins/2D/Paper2D/Content/PlaceholderTextures/DummySpriteTexture.uasset" 283
"../../Plugins/2D/Paper2D/Content/DummySprite.uasset" 284
"../../Plugins/2D/Paper2D/Content/DefaultPaperTerrainMaterial.uasset" 285
"../../Plugins/2D/Paper2D/Content/DummySpriteTexture.uasset" 286
"../../Plugins/2D/Paper2D/Content/DefaultSpriteMaterial.uasset" 287
"../../Plugins/2D/Paper2D/Content/MaskedUnlitSpriteMaterial.uasset" 288
"../../Plugins/2D/Paper2D/Content/OpaqueUnlitSpriteMaterial.uasset" 289
"../../Plugins/Runtime/Oculus/OculusVR/Content/OculusMR_RenderTarget.uasset" 290
"../../../Engine/Content/Functions/Engine_MaterialFunctions02/Utility/BreakOutFloat4Components.uasset" 291
"../../../Engine/Content/Functions/Engine_MaterialFunctions02/Utility/MakeFloat2.uasset" 292
"../../../Engine/Content/Functions/Engine_MaterialFunctions02/Utility/MakeFloat3.uasset" 293
"../../Plugins/Runtime/Oculus/OculusVR/Content/Materials/OculusMR_ChromaKey.uasset" 294
"../../Plugins/Runtime/Oculus/OculusVR/Content/Materials/OculusMR_ChromaKey_Lit.uasset" 295
"../../Plugins/Runtime/Oculus/OculusVR/Content/Materials/OculusMR_OpaqueColoredMaterial.uasset" 296
"../../Plugins/Runtime/Oculus/OculusVR/Content/Materials/OculusMR_WhiteMaterial.uasset" 297
"../../../Engine/Content/EngineSky/C_Sky_Cloud_Color.uasset" 298
"../../../Engine/Content/EngineSky/C_Sky_Horizon_Color.uasset" 299
"../../../Engine/Content/EngineSky/C_Sky_Zenith_Color.uasset" 300
"../../../Engine/Content/EngineSky/T_Sky_Blue.uasset" 301
"../../../Engine/Content/EngineSky/T_Sky_Clouds_M.uasset" 302
"../../../Engine/Content/EngineSky/T_Sky_Stars.uasset" 303
"../../../Engine/Content/EngineSky/M_Sky_Panning_Clouds2.uasset" 304
"../../../Engine/Content/EngineSky/SM_SkySphere.uasset" 305
"../../../Engine/Content/EngineSky/BP_Sky_Sphere.uasset" 306
"../../../Engine/Content/BasicShapes/Cylinder.uasset" 307
"D:/University/BSc2b/CollaborationProject/Content/BlueprintClasses/HubWorld/BP_ColourChanger.uasset" 308
"D:/University/BSc2b/CollaborationProject/Content/BlueprintClasses/HubWorld/LevelSelectController.uasset" 309
"D:/University/BSc2b/CollaborationProject/Content/BlueprintClasses/HubWorld/LevelSelectGameMode.uasset" 310
"D:/University/BSc2b/CollaborationProject/Content/TestLevels/Hub_World_BuiltData.uasset" 311
"D:/University/BSc2b/CollaborationProject/Content/Assets/Materials/M_Light.uasset" 312
"D:/University/BSc2b/CollaborationProject/Content/Assets/Materials/MI_Lights.uasset" 313
"../../../Engine/Content/BasicShapes/Sphere.uasset" 314
"D:/University/BSc2b/CollaborationProject/Content/Assets/Audio/Music/HubBackground_Cue.uasset" 315
"D:/University/BSc2b/CollaborationProject/Content/Assets/Meshes/Temp/TestFloor.uasset" 316
"../../../Engine/Content/Functions/Engine_MaterialFunctions01/Density/ExponentialDensity.uasset" 317
"../../../Engine/Content/Functions/Engine_MaterialFunctions01/Gradient/RadialGradientExponential.uasset" 318
"D:/University/BSc2b/CollaborationProject/Content/Assets/Textures/WIdgetMask.uasset" 319
"D:/University/BSc2b/CollaborationProject/Content/BlueprintClasses/Widgets/WBP_IrisFade.uasset" 320
"D:/University/BSc2b/CollaborationProject/Content/TestLevels/Hub_World.umap" 321
"../../../Engine/Content/MapTemplates/SM_Template_Map_Floor.uasset" 322
"D:/University/BSc2b/CollaborationProject/Content/TestLevels/Test_Alfie.umap" 323
"D:/University/BSc2b/CollaborationProject/Content/BlueprintClasses/BP_Killzone.uasset" 324
"D:/University/BSc2b/CollaborationProject/Content/Assets/Materials/M_Button.uasset" 325
"D:/University/BSc2b/CollaborationProject/Content/BlueprintClasses/BP_StartButton.uasset" 326
"D:/University/BSc2b/CollaborationProject/Content/Assets/Materials/Sand_LayerInfo.uasset" 327
"D:/University/BSc2b/CollaborationProject/Content/Assets/Materials/Sludge_LayerInfo.uasset" 328
"D:/University/BSc2b/CollaborationProject/Content/TestLevels/Test_Callum_BuiltData.uasset" 329
"D:/University/BSc2b/CollaborationProject/Content/Assets/Materials/M_Landscape_Beach.uasset" 330
"D:/University/BSc2b/CollaborationProject/Content/Assets/Textures/tNoise.uasset" 331
"D:/University/BSc2b/CollaborationProject/Content/Assets/Materials/M_Water.uasset" 332
"D:/University/BSc2b/CollaborationProject/Content/Assets/Materials/M_Area.uasset" 333
"D:/University/BSc2b/CollaborationProject/Content/Assets/Materials/M_Area01.uasset" 334
"D:/University/BSc2b/CollaborationProject/Content/Assets/Materials/MI_Area02.uasset" 335
"../../../Engine/Content/EngineMaterials/DefaultPhysicalMaterial.uasset" 336
"D:/University/BSc2b/CollaborationProject/Content/Assets/Materials/M_Barrel_oil.uasset" 337
"D:/University/BSc2b/CollaborationProject/Content/Assets/Meshes/SM_barrel_a1.uasset" 338
"D:/University/BSc2b/CollaborationProject/Content/Assets/Meshes/SM_bike_wheel_a.uasset" 339
"D:/University/BSc2b/CollaborationProject/Content/Assets/Meshes/SM_brick_wall_a_02.uasset" 340
"D:/University/BSc2b/CollaborationProject/Content/Assets/Meshes/SM_Level_Rock.uasset" 341
"../../../Engine/Content/Functions/Engine_MaterialFunctions02/Utility/CameraVectorWithWPOOptions.uasset" 342
"D:/University/BSc2b/CollaborationProject/Content/Assets/Materials/M_VertCol_MrWiggle.uasset" 343
"D:/University/BSc2b/CollaborationProject/Content/Assets/Meshes/SM_Mr_Long_a.uasset" 344
"D:/University/BSc2b/CollaborationProject/Content/Assets/Meshes/SM_parasol_a.uasset" 345
"D:/University/BSc2b/CollaborationProject/Content/Assets/Materials/MI_Sand.uasset" 346
"D:/University/BSc2b/CollaborationProject/Content/Assets/Meshes/SM_sand_castle_a.uasset" 347
"D:/University/BSc2b/CollaborationProject/Content/Assets/Meshes/SM_sand_castle_b.uasset" 348
"D:/University/BSc2b/CollaborationProject/Content/Assets/Meshes/SM_sewer_pipe.uasset" 349
"D:/University/BSc2b/CollaborationProject/Content/Assets/Materials/M_Sludge.uasset" 350
"D:/University/BSc2b/CollaborationProject/Content/Assets/Meshes/SM_sludge_a.uasset" 351
"D:/University/BSc2b/CollaborationProject/Content/Assets/Meshes/SM_sunbed_a.uasset" 352
"D:/University/BSc2b/CollaborationProject/Content/Assets/Meshes/SM_surfboard_a.uasset" 353
"D:/University/BSc2b/CollaborationProject/Content/Assets/Meshes/SM_surfboard_b.uasset" 354
"D:/University/BSc2b/CollaborationProject/Content/Assets/Meshes/SM_Trash_Pile.uasset" 355
"D:/University/BSc2b/CollaborationProject/Content/Assets/Meshes/SM_tyre_a.uasset" 356
"D:/University/BSc2b/CollaborationProject/Content/Assets/Meshes/SM_Windbreaker_a.uasset" 357
"D:/University/BSc2b/CollaborationProject/Content/Assets/Meshes/Temp/SM_OceanPlane.uasset" 358
"D:/University/BSc2b/CollaborationProject/Content/TestLevels/Test_Callum.umap" 359
"D:/University/BSc2b/CollaborationProject/Content/TestLevels/Test_Charlotte.umap" 360
"D:/University/BSc2b/CollaborationProject/Content/TestLevels/Test_Frances_BuiltData.uasset" 361
"D:/University/BSc2b/CollaborationProject/Content/TestLevels/Test_Frances.umap" 362
"D:/University/BSc2b/CollaborationProject/Content/TestLevels/Test_Herbie.umap" 363
"D:/University/BSc2b/CollaborationProject/Content/BlueprintClasses/BP_Bin.uasset" 364
"D:/University/BSc2b/CollaborationProject/Content/TestLevels/Test_Sarah_BuiltData.uasset" 365
"D:/University/BSc2b/CollaborationProject/Content/TestLevels/Test_Sarah.umap" 366
"../../../Engine/Content/Maps/Entry_BuiltData.uasset" 367
"../../../Engine/Content/Maps/Entry.umap" 368
